TN:
SF:controllers\authController.js
FN:7,(anonymous_0)
FN:21,(anonymous_1)
FN:31,(anonymous_2)
FN:53,(anonymous_3)
FNF:4
FNH:4
FNDA:3,(anonymous_0)
FNDA:1,(anonymous_1)
FNDA:6,(anonymous_2)
FNDA:2,(anonymous_3)
DA:1,1
DA:2,1
DA:3,1
DA:4,1
DA:5,1
DA:7,1
DA:8,3
DA:9,3
DA:10,3
DA:11,2
DA:12,1
DA:14,1
DA:15,1
DA:18,1
DA:20,1
DA:21,1
DA:22,1
DA:23,1
DA:26,1
DA:27,1
DA:31,1
DA:32,6
DA:33,6
DA:34,6
DA:35,5
DA:36,1
DA:38,4
DA:39,4
DA:40,1
DA:42,3
DA:43,1
DA:47,2
DA:53,2
DA:54,2
DA:55,2
DA:58,1
DA:59,1
LF:37
LH:37
BRDA:11,0,0,1
BRDA:11,0,1,1
BRDA:22,1,0,0
BRDA:22,1,1,1
BRDA:35,2,0,1
BRDA:35,2,1,4
BRDA:39,3,0,1
BRDA:39,3,1,3
BRDA:42,4,0,1
BRDA:42,4,1,2
BRDA:54,5,0,0
BRDA:54,5,1,2
BRF:12
BRH:10
end_of_record
TN:
SF:controllers\bookController.js
FN:3,(anonymous_0)
FN:13,(anonymous_1)
FN:26,(anonymous_2)
FN:43,(anonymous_3)
FNF:4
FNH:4
FNDA:1,(anonymous_0)
FNDA:2,(anonymous_1)
FNDA:1,(anonymous_2)
FNDA:2,(anonymous_3)
DA:1,1
DA:3,1
DA:4,1
DA:5,1
DA:6,1
DA:8,0
DA:9,0
DA:13,1
DA:14,2
DA:15,2
DA:16,2
DA:17,1
DA:19,1
DA:21,0
DA:22,0
DA:26,1
DA:27,1
DA:28,1
DA:29,1
DA:35,1
DA:36,1
DA:38,0
DA:39,0
DA:43,1
DA:44,2
DA:45,2
DA:46,2
DA:47,2
DA:48,1
DA:50,1
DA:51,1
DA:52,1
DA:53,1
DA:54,1
DA:55,1
DA:57,0
DA:58,0
LF:37
LH:29
BRDA:16,0,0,1
BRDA:16,0,1,1
BRDA:47,1,0,1
BRDA:47,1,1,1
BRDA:50,2,0,1
BRDA:50,2,1,0
BRDA:51,3,0,1
BRDA:51,3,1,1
BRDA:52,4,0,1
BRDA:52,4,1,1
BRDA:53,5,0,1
BRDA:53,5,1,1
BRF:12
BRH:11
end_of_record
TN:
SF:controllers\notificationController.js
FN:3,(anonymous_0)
FN:16,(anonymous_1)
FNF:2
FNH:2
FNDA:2,(anonymous_0)
FNDA:2,(anonymous_1)
DA:1,1
DA:3,1
DA:4,2
DA:5,2
DA:10,2
DA:12,1
DA:16,1
DA:17,2
DA:18,2
DA:19,1
DA:21,1
DA:22,1
LF:12
LH:12
BRF:0
BRH:0
end_of_record
TN:
SF:controllers\reservationController.js
FN:8,(anonymous_0)
FN:37,(anonymous_1)
FN:65,(anonymous_2)
FN:77,(anonymous_3)
FNF:4
FNH:4
FNDA:1,(anonymous_0)
FNDA:3,(anonymous_1)
FNDA:2,(anonymous_2)
FNDA:5,(anonymous_3)
DA:1,1
DA:2,1
DA:6,1
DA:8,1
DA:9,1
DA:10,1
DA:11,1
DA:12,1
DA:13,0
DA:15,1
DA:22,1
DA:25,1
DA:30,1
DA:32,0
DA:33,0
DA:37,1
DA:38,3
DA:39,3
DA:40,3
DA:44,2
DA:45,1
DA:48,1
DA:49,1
DA:52,1
DA:58,1
DA:60,1
DA:61,1
DA:65,1
DA:66,2
DA:67,2
DA:70,1
DA:72,1
DA:73,1
DA:77,1
DA:78,5
DA:79,5
DA:82,4
DA:83,1
DA:85,3
DA:86,1
DA:90,2
DA:92,1
DA:93,1
LF:43
LH:40
BRDA:12,0,0,0
BRDA:12,0,1,1
BRDA:44,1,0,1
BRDA:44,1,1,1
BRDA:82,2,0,1
BRDA:82,2,1,3
BRDA:85,3,0,1
BRDA:85,3,1,2
BRDA:85,4,0,3
BRDA:85,4,1,2
BRF:10
BRH:9
end_of_record
TN:
SF:controllers\userController.js
FN:3,(anonymous_0)
FN:16,(anonymous_1)
FN:38,(anonymous_2)
FN:53,(anonymous_3)
FNF:4
FNH:4
FNDA:3,(anonymous_0)
FNDA:4,(anonymous_1)
FNDA:3,(anonymous_2)
FNDA:2,(anonymous_3)
DA:1,1
DA:3,1
DA:4,3
DA:5,3
DA:6,2
DA:7,1
DA:9,1
DA:11,1
DA:12,1
DA:16,1
DA:17,4
DA:18,4
DA:19,4
DA:20,3
DA:21,1
DA:23,2
DA:24,1
DA:28,1
DA:29,1
DA:30,1
DA:31,1
DA:33,1
DA:34,1
DA:38,1
DA:39,3
DA:40,3
DA:41,2
DA:42,1
DA:44,1
DA:45,1
DA:46,1
DA:48,1
DA:49,1
DA:53,1
DA:54,2
DA:55,2
DA:56,1
DA:58,1
DA:59,1
LF:39
LH:39
BRDA:6,0,0,1
BRDA:6,0,1,1
BRDA:20,1,0,1
BRDA:20,1,1,2
BRDA:23,2,0,1
BRDA:23,2,1,1
BRDA:28,3,0,1
BRDA:28,3,1,0
BRDA:29,4,0,1
BRDA:29,4,1,0
BRDA:41,5,0,1
BRDA:41,5,1,1
BRF:12
BRH:10
end_of_record
TN:
SF:models\Book.js
FNF:0
FNH:0
DA:1,2
DA:3,2
DA:10,2
LF:3
LH:3
BRF:0
BRH:0
end_of_record
TN:
SF:models\Notification.js
FNF:0
FNH:0
DA:1,3
DA:3,3
DA:11,3
LF:3
LH:3
BRF:0
BRH:0
end_of_record
TN:
SF:models\Reservation.js
FNF:0
FNH:0
DA:1,1
DA:3,1
DA:11,1
LF:3
LH:3
BRF:0
BRH:0
end_of_record
TN:
SF:models\User.js
FN:13,(anonymous_0)
FNF:1
FNH:0
FNDA:0,(anonymous_0)
DA:1,3
DA:2,3
DA:4,3
DA:13,3
DA:14,0
DA:15,0
DA:17,0
DA:20,3
LF:8
LH:5
BRDA:14,0,0,0
BRDA:14,0,1,0
BRF:2
BRH:0
end_of_record
TN:
SF:utils\notificationUtils.js
FN:4,(anonymous_0)
FN:17,(anonymous_1)
FNF:2
FNH:0
FNDA:0,(anonymous_0)
FNDA:0,(anonymous_1)
DA:1,2
DA:2,2
DA:4,2
DA:5,0
DA:6,0
DA:11,0
DA:13,0
DA:17,2
DA:18,0
DA:19,0
DA:20,0
DA:21,0
DA:24,0
LF:13
LH:4
BRF:0
BRH:0
end_of_record
